Flow report for Camera
Wed Dec 11 17:38:49 2019
Quartus II Version 10.0 Build 218 06/27/2010 SJ Web Edition


---------------------
; Table of Contents ;
---------------------
  1. Legal Notice
  2. Flow Summary
  3. Flow Settings
  4. Flow Non-Default Global Settings
  5. Flow Elapsed Time
  6. Flow OS Summary
  7. Flow Log



----------------
; Legal Notice ;
----------------
Copyright (C) 1991-2010 Altera Corporation
Your use of Altera Corporation's design tools, logic functions 
and other software and tools, and its AMPP partner logic 
functions, and any output files from any of the foregoing 
(including device programming or simulation files), and any 
associated documentation or information are expressly subject 
to the terms and conditions of the Altera Program License 
Subscription Agreement, Altera MegaCore Function License 
Agreement, or other applicable license agreement, including, 
without limitation, that your use is for the sole purpose of 
programming logic devices manufactured by Altera and sold by 
Altera or its authorized distributors.  Please refer to the 
applicable agreement for further details.



+-------------------------------------------------------------------------------+
; Flow Summary                                                                  ;
+------------------------------------+------------------------------------------+
; Flow Status                        ; Successful - Wed Dec 11 17:38:40 2019    ;
; Quartus II Version                 ; 10.0 Build 218 06/27/2010 SJ Web Edition ;
; Revision Name                      ; Camera                                   ;
; Top-level Entity Name              ; Camera                                   ;
; Family                             ; Cyclone IV E                             ;
; Device                             ; EP4CE115F29C7                            ;
; Timing Models                      ; Final                                    ;
; Met timing requirements            ; N/A                                      ;
; Total logic elements               ; 10,377 / 114,480 ( 9 % )                 ;
;     Total combinational functions  ; 10,097 / 114,480 ( 9 % )                 ;
;     Dedicated logic registers      ; 1,067 / 114,480 ( < 1 % )                ;
; Total registers                    ; 1093                                     ;
; Total pins                         ; 476 / 529 ( 90 % )                       ;
; Total virtual pins                 ; 0                                        ;
; Total memory bits                  ; 47,824 / 3,981,312 ( 1 % )               ;
; Embedded Multiplier 9-bit elements ; 4 / 532 ( < 1 % )                        ;
; Total PLLs                         ; 1 / 4 ( 25 % )                           ;
+------------------------------------+------------------------------------------+


+-----------------------------------------+
; Flow Settings                           ;
+-------------------+---------------------+
; Option            ; Setting             ;
+-------------------+---------------------+
; Start date & time ; 12/11/2019 17:35:37 ;
; Main task         ; Compilation         ;
; Revision Name     ; Camera              ;
+-------------------+---------------------+


+------------------------------------------------------------------------------------------------------------------------+
; Flow Non-Default Global Settings                                                                                       ;
+-------------------------------------+---------------------------------------+---------------+-------------+------------+
; Assignment Name                     ; Value                                 ; Default Value ; Entity Name ; Section Id ;
+-------------------------------------+---------------------------------------+---------------+-------------+------------+
; COMPILER_SIGNATURE_ID               ; 260208103122499.157605693711120       ; --            ; --          ; --         ;
; IP_TOOL_NAME                        ; ALTPLL                                ; --            ; --          ; --         ;
; IP_TOOL_VERSION                     ; 11.0                                  ; --            ; --          ; --         ;
; MAX_CORE_JUNCTION_TEMP              ; 85                                    ; --            ; --          ; --         ;
; MIN_CORE_JUNCTION_TEMP              ; 0                                     ; --            ; --          ; --         ;
; MISC_FILE                           ; V/sdram_pll.bsf                       ; --            ; --          ; --         ;
; MISC_FILE                           ; V/sdram_pll.ppf                       ; --            ; --          ; --         ;
; PARTITION_COLOR                     ; 16764057                              ; --            ; --          ; Top        ;
; PARTITION_FITTER_PRESERVATION_LEVEL ; PLACEMENT_AND_ROUTING                 ; --            ; --          ; Top        ;
; PARTITION_NETLIST_TYPE              ; SOURCE                                ; --            ; --          ; Top        ;
; POWER_BOARD_THERMAL_MODEL           ; None (CONSERVATIVE)                   ; --            ; --          ; --         ;
; POWER_PRESET_COOLING_SOLUTION       ; 23 MM HEAT SINK WITH 200 LFPM AIRFLOW ; --            ; --          ; --         ;
+-------------------------------------+---------------------------------------+---------------+-------------+------------+


+-------------------------------------------------------------------------------------------------------------------------------+
; Flow Elapsed Time                                                                                                             ;
+---------------------------+--------------+-------------------------+---------------------+------------------------------------+
; Module Name               ; Elapsed Time ; Average Processors Used ; Peak Virtual Memory ; Total CPU Time (on all processors) ;
+---------------------------+--------------+-------------------------+---------------------+------------------------------------+
; Analysis & Synthesis      ; 00:01:42     ; 1.0                     ; 383 MB              ; 00:01:50                           ;
; Fitter                    ; 00:01:07     ; 1.0                     ; 558 MB              ; 00:01:08                           ;
; Assembler                 ; 00:00:06     ; 1.0                     ; 508 MB              ; 00:00:06                           ;
; TimeQuest Timing Analyzer ; 00:00:15     ; 1.0                     ; 426 MB              ; 00:00:14                           ;
; Total                     ; 00:03:10     ; --                      ; --                  ; 00:03:18                           ;
+---------------------------+--------------+-------------------------+---------------------+------------------------------------+


+--------------------------------------------------------------------------------------------+
; Flow OS Summary                                                                            ;
+---------------------------+------------------+---------------+------------+----------------+
; Module Name               ; Machine Hostname ; OS Name       ; OS Version ; Processor type ;
+---------------------------+------------------+---------------+------------+----------------+
; Analysis & Synthesis      ; DESKTOP-G58QBFI  ; Windows Vista ; 6.2        ; x86_64         ;
; Fitter                    ; DESKTOP-G58QBFI  ; Windows Vista ; 6.2        ; x86_64         ;
; Assembler                 ; DESKTOP-G58QBFI  ; Windows Vista ; 6.2        ; x86_64         ;
; TimeQuest Timing Analyzer ; DESKTOP-G58QBFI  ; Windows Vista ; 6.2        ; x86_64         ;
+---------------------------+------------------+---------------+------------+----------------+


------------
; Flow Log ;
------------
quartus_map --read_settings_files=on --write_settings_files=off Camera -c Camera
quartus_fit --read_settings_files=off --write_settings_files=off Camera -c Camera
quartus_asm --read_settings_files=off --write_settings_files=off Camera -c Camera
quartus_sta Camera -c Camera



